Determining if the pthread_create exist failed with the following output:
Change Dir: /home/liaolinwei/mesosFwk/mapreduce-lite/CMakeFiles/CMakeTmp

Run Build Command:"/usr/bin/make" "cmTC_d48a1/fast"
/usr/bin/make -f CMakeFiles/cmTC_d48a1.dir/build.make CMakeFiles/cmTC_d48a1.dir/build
make[1]: Entering directory '/home/liaolinwei/mesosFwk/mapreduce-lite/CMakeFiles/CMakeTmp'
Building C object CMakeFiles/cmTC_d48a1.dir/CheckSymbolExists.c.o
/usr/bin/cc     -o CMakeFiles/cmTC_d48a1.dir/CheckSymbolExists.c.o   -c /home/liaolinwei/mesosFwk/mapreduce-lite/CMakeFiles/CMakeTmp/CheckSymbolExists.c
Linking C executable cmTC_d48a1
/usr/bin/cmake -E cmake_link_script CMakeFiles/cmTC_d48a1.dir/link.txt --verbose=1
/usr/bin/cc       CMakeFiles/cmTC_d48a1.dir/CheckSymbolExists.c.o  -o cmTC_d48a1 -rdynamic 
CMakeFiles/cmTC_d48a1.dir/CheckSymbolExists.c.o: In function `main':
CheckSymbolExists.c:(.text+0x16): undefined reference to `pthread_create'
collect2: error: ld returned 1 exit status
CMakeFiles/cmTC_d48a1.dir/build.make:97: recipe for target 'cmTC_d48a1' failed
make[1]: *** [cmTC_d48a1] Error 1
make[1]: Leaving directory '/home/liaolinwei/mesosFwk/mapreduce-lite/CMakeFiles/CMakeTmp'
Makefile:126: recipe for target 'cmTC_d48a1/fast' failed
make: *** [cmTC_d48a1/fast] Error 2

File /home/liaolinwei/mesosFwk/mapreduce-lite/CMakeFiles/CMakeTmp/CheckSymbolExists.c:
/* */
#include <pthread.h>

int main(int argc, char** argv)
{
  (void)argv;
#ifndef pthread_create
  return ((int*)(&pthread_create))[argc];
#else
  (void)argc;
  return 0;
#endif
}

Determining if the function pthread_create exists in the pthreads failed with the following output:
Change Dir: /home/liaolinwei/mesosFwk/mapreduce-lite/CMakeFiles/CMakeTmp

Run Build Command:"/usr/bin/make" "cmTC_04a70/fast"
/usr/bin/make -f CMakeFiles/cmTC_04a70.dir/build.make CMakeFiles/cmTC_04a70.dir/build
make[1]: Entering directory '/home/liaolinwei/mesosFwk/mapreduce-lite/CMakeFiles/CMakeTmp'
Building C object CMakeFiles/cmTC_04a70.dir/CheckFunctionExists.c.o
/usr/bin/cc    -DCHECK_FUNCTION_EXISTS=pthread_create   -o CMakeFiles/cmTC_04a70.dir/CheckFunctionExists.c.o   -c /usr/share/cmake-3.5/Modules/CheckFunctionExists.c
Linking C executable cmTC_04a70
/usr/bin/cmake -E cmake_link_script CMakeFiles/cmTC_04a70.dir/link.txt --verbose=1
/usr/bin/cc   -DCHECK_FUNCTION_EXISTS=pthread_create    CMakeFiles/cmTC_04a70.dir/CheckFunctionExists.c.o  -o cmTC_04a70 -rdynamic -lpthreads 
/usr/bin/ld: cannot find -lpthreads
collect2: error: ld returned 1 exit status
CMakeFiles/cmTC_04a70.dir/build.make:97: recipe for target 'cmTC_04a70' failed
make[1]: *** [cmTC_04a70] Error 1
make[1]: Leaving directory '/home/liaolinwei/mesosFwk/mapreduce-lite/CMakeFiles/CMakeTmp'
Makefile:126: recipe for target 'cmTC_04a70/fast' failed
make: *** [cmTC_04a70/fast] Error 2


Determining if the pthread_create exist failed with the following output:
Change Dir: /home/liaolinwei/mesosFwk/mapreduce-lite/CMakeFiles/CMakeTmp

Run Build Command:"/usr/bin/make" "cmTC_2f9b7/fast"
/usr/bin/make -f CMakeFiles/cmTC_2f9b7.dir/build.make CMakeFiles/cmTC_2f9b7.dir/build
make[1]: Entering directory '/home/liaolinwei/mesosFwk/mapreduce-lite/CMakeFiles/CMakeTmp'
Building C object CMakeFiles/cmTC_2f9b7.dir/CheckSymbolExists.c.o
/usr/bin/cc     -o CMakeFiles/cmTC_2f9b7.dir/CheckSymbolExists.c.o   -c /home/liaolinwei/mesosFwk/mapreduce-lite/CMakeFiles/CMakeTmp/CheckSymbolExists.c
Linking C executable cmTC_2f9b7
/usr/bin/cmake -E cmake_link_script CMakeFiles/cmTC_2f9b7.dir/link.txt --verbose=1
/usr/bin/cc       CMakeFiles/cmTC_2f9b7.dir/CheckSymbolExists.c.o  -o cmTC_2f9b7 -rdynamic 
CMakeFiles/cmTC_2f9b7.dir/CheckSymbolExists.c.o: In function `main':
CheckSymbolExists.c:(.text+0x16): undefined reference to `pthread_create'
collect2: error: ld returned 1 exit status
CMakeFiles/cmTC_2f9b7.dir/build.make:97: recipe for target 'cmTC_2f9b7' failed
make[1]: *** [cmTC_2f9b7] Error 1
make[1]: Leaving directory '/home/liaolinwei/mesosFwk/mapreduce-lite/CMakeFiles/CMakeTmp'
Makefile:126: recipe for target 'cmTC_2f9b7/fast' failed
make: *** [cmTC_2f9b7/fast] Error 2

File /home/liaolinwei/mesosFwk/mapreduce-lite/CMakeFiles/CMakeTmp/CheckSymbolExists.c:
/* */
#include <pthread.h>

int main(int argc, char** argv)
{
  (void)argv;
#ifndef pthread_create
  return ((int*)(&pthread_create))[argc];
#else
  (void)argc;
  return 0;
#endif
}

Determining if the function pthread_create exists in the pthreads failed with the following output:
Change Dir: /home/liaolinwei/mesosFwk/mapreduce-lite/CMakeFiles/CMakeTmp

Run Build Command:"/usr/bin/make" "cmTC_8061c/fast"
/usr/bin/make -f CMakeFiles/cmTC_8061c.dir/build.make CMakeFiles/cmTC_8061c.dir/build
make[1]: Entering directory '/home/liaolinwei/mesosFwk/mapreduce-lite/CMakeFiles/CMakeTmp'
Building C object CMakeFiles/cmTC_8061c.dir/CheckFunctionExists.c.o
/usr/bin/cc    -DCHECK_FUNCTION_EXISTS=pthread_create   -o CMakeFiles/cmTC_8061c.dir/CheckFunctionExists.c.o   -c /usr/share/cmake-3.5/Modules/CheckFunctionExists.c
Linking C executable cmTC_8061c
/usr/bin/cmake -E cmake_link_script CMakeFiles/cmTC_8061c.dir/link.txt --verbose=1
/usr/bin/cc   -DCHECK_FUNCTION_EXISTS=pthread_create    CMakeFiles/cmTC_8061c.dir/CheckFunctionExists.c.o  -o cmTC_8061c -rdynamic -lpthreads 
/usr/bin/ld: cannot find -lpthreads
collect2: error: ld returned 1 exit status
CMakeFiles/cmTC_8061c.dir/build.make:97: recipe for target 'cmTC_8061c' failed
make[1]: *** [cmTC_8061c] Error 1
make[1]: Leaving directory '/home/liaolinwei/mesosFwk/mapreduce-lite/CMakeFiles/CMakeTmp'
Makefile:126: recipe for target 'cmTC_8061c/fast' failed
make: *** [cmTC_8061c/fast] Error 2


